/bin/bash: hpc_jobs/run_main.sh: Permission denied

------------------------------------------------------------
Sender: LSF System <lsfadmin@hpc.dtu.dk>
Subject: Job 11193925: <NONAME> in cluster <dcc> Exited

Job <NONAME> was submitted from host <gbarlogin2> by user <s164272> in cluster <dcc> at Tue Nov 30 17:37:05 2021
Job was executed on host(s) <n-62-31-22>, in queue <hpc>, as user <s164272> in cluster <dcc> at Tue Nov 30 17:37:07 2021
</zhome/08/3/117881> was used as the home directory.
</zhome/08/3/117881/MastersThesis/DataProcessing> was used as the working directory.
Started at Tue Nov 30 17:37:07 2021
Terminated at Tue Nov 30 17:37:07 2021
Results reported at Tue Nov 30 17:37:07 2021

Your job looked like:

------------------------------------------------------------
# LSBATCH: User input
hpc_jobs/run_main.sh
------------------------------------------------------------

Exited with exit code 126.

Resource usage summary:

    CPU time :                                   0.29 sec.
    Max Memory :                                 -
    Average Memory :                             -
    Total Requested Memory :                     1024.00 MB
    Delta Memory :                               -
    Max Swap :                                   -
    Max Processes :                              -
    Max Threads :                                -
    Run time :                                   109 sec.
    Turnaround time :                            2 sec.

The output (if any) is above this job summary.

